Log file open, 04/05/17 20:52:18
LogInit:Display: Running engine for game: Final_V2
LogPlatformFile: Not using cached read wrapper
LogInit:Display: RandInit(328815216) SRandInit(328815216).
LogTaskGraph: Started task graph with 5 named threads and 8 total threads with 1 sets of task threads.
LogStats: Stats thread started at 0.215745
LogInit: Using libcurl 7.47.1
LogInit:  - built for x86_64-pc-win32
LogInit:  - supports SSL with OpenSSL/1.0.2g
LogInit:  - supports HTTP deflate (compression) using libz 1.2.8
LogInit:  - other features:
LogInit:      CURL_VERSION_SSL
LogInit:      CURL_VERSION_LIBZ
LogInit:      CURL_VERSION_IPV6
LogInit:      CURL_VERSION_ASYNCHDNS
LogInit:      CURL_VERSION_LARGEFILE
LogInit:      CURL_VERSION_IDN
LogInit:  CurlRequestOptions (configurable via config and command line):
LogInit:  - bVerifyPeer = false  - Libcurl will NOT verify peer certificate
LogInit:  - bUseHttpProxy = false  - Libcurl will NOT use HTTP proxy
LogInit:  - bDontReuseConnections = false  - Libcurl will reuse connections
LogInit:  - CertBundlePath = nullptr  - Libcurl will use whatever was configured at build time.
LogInit: Build: ++UE4+Release-4.15-CL-3348071
LogInit: Engine Version: 4.15.1-3348071+++UE4+Release-4.15
LogInit: Compatible Engine Version: 4.15.0-3299760+++UE4+Release-4.15
LogInit: Net CL: 3299760
LogDevObjectVersion: Number of dev versions registered: 14
LogDevObjectVersion:   Dev-Blueprints (B0D832E4-1F89-4F0D-ACCF-7EB736FD4AA2): 8
LogDevObjectVersion:   Dev-Build (E1C64328-A22C-4D53-A36C-8E866417BD8C): 0
LogDevObjectVersion:   Dev-Core (375EC13C-06E4-48FB-B500-84F0262A717E): 2
LogDevObjectVersion:   Dev-Editor (E4B068ED-F494-42E9-A231-DA0B2E46BB41): 14
LogDevObjectVersion:   Dev-Framework (CFFC743F-43B0-4480-9391-14DF171D2073): 22
LogDevObjectVersion:   Dev-Mobile (B02B49B5-BB20-44E9-A304-32B752E40360): 0
LogDevObjectVersion:   Dev-Networking (A4E4105C-59A1-49B5-A7C5-40C4547EDFEE): 0
LogDevObjectVersion:   Dev-Online (39C831C9-5AE6-47DC-9A44-9C173E1C8E7C): 0
LogDevObjectVersion:   Dev-Physics (78F01B33-EBEA-4F98-B9B4-84EACCB95AA2): 0
LogDevObjectVersion:   Dev-Platform (6631380F-2D4D-43E0-8009-CF276956A95A): 0
LogDevObjectVersion:   Dev-Rendering (12F88B9F-8875-4AFC-A67C-D90C383ABD29): 12
LogDevObjectVersion:   Dev-Sequencer (7B5AE74C-D270-4C10-A958-57980B212A5A): 3
LogDevObjectVersion:   Dev-VR (D7296918-1DD6-4BDD-9DE2-64A83CC13884): 0
LogDevObjectVersion:   Dev-LoadTimes (C2A15278-BFE7-4AFE-6C17-90FF531DF755): 1
LogInit: Compiled (64-bit): Mar 15 2017 16:52:47
LogInit: Compiled with Visual C++: 19.00.23026.00
LogInit: Build Configuration: Development
LogInit: Branch Name: ++UE4+Release-4.15
LogInit: Command line:  
LogInit: Base directory: C:/Program Files/Epic Games/UE_4.15/Engine/Binaries/Win64/
LogInit: Installed Engine Build: 1
LogInit: Presizing for max 8388607 objects, including 0 objects not considered by GC, pre-allocating 0 bytes for permanent pool.
LogInit: Object subsystem initialized
[2017.04.06-00.52.19:548][  0]LogInit: Selected Device Profile: [Windows]
[2017.04.06-00.52.19:548][  0]LogInit: Applying CVar settings loaded from the selected device profile: [Windows]
[2017.04.06-00.52.19:576][  0]LogInit: Computer: DESKTOP-EUT5RNQ
[2017.04.06-00.52.19:577][  0]LogInit: User: Brittany
[2017.04.06-00.52.19:577][  0]LogInit: CPU Page size=65536, Cores=4
[2017.04.06-00.52.19:577][  0]LogInit: High frequency timer resolution =3.914066 MHz
[2017.04.06-00.52.19:577][  0]LogMemory: Memory total: Physical=31.9GB (32GB approx)
[2017.04.06-00.52.19:577][  0]LogMemory: Platform Memory Stats for Windows
[2017.04.06-00.52.19:577][  0]LogMemory: Process Physical Memory: 265.50 MB used, 265.50 MB peak
[2017.04.06-00.52.19:577][  0]LogMemory: Process Virtual Memory: 262.59 MB used, 262.59 MB peak
[2017.04.06-00.52.19:577][  0]LogMemory: Physical Memory: 9125.60 MB used,  23581.45 MB free, 32707.05 MB total
[2017.04.06-00.52.19:577][  0]LogMemory: Virtual Memory: 645.59 MB used,  23581.45 MB free, 134217728.00 MB total
[2017.04.06-00.52.20:811][  0]LogTextLocalizationManager: No specific translations for ('en-US') exist, so ('en') translations will be used.
[2017.04.06-00.52.25:079][  0]LogD3D11RHI: D3D11 adapters:
[2017.04.06-00.52.25:179][  0]LogD3D11RHI:    0. 'NVIDIA GeForce GTX 970' (Feature Level 11_0)
[2017.04.06-00.52.25:179][  0]LogD3D11RHI:       4059/0/16353 MB DedicatedVideo/DedicatedSystem/SharedSystem, Outputs:1, VendorId:0x10de
[2017.04.06-00.52.25:182][  0]LogD3D11RHI:    1. 'Microsoft Basic Render Driver' (Feature Level 11_0)
[2017.04.06-00.52.25:182][  0]LogD3D11RHI:       0/0/16353 MB DedicatedVideo/DedicatedSystem/SharedSystem, Outputs:0, VendorId:0x1414
[2017.04.06-00.52.25:182][  0]LogD3D11RHI: Chosen D3D11 Adapter: 0
[2017.04.06-00.52.25:192][  0]LogD3D11RHI: Creating new Direct3DDevice
[2017.04.06-00.52.25:192][  0]LogD3D11RHI:     GPU DeviceId: 0x13c2 (for the marketing name, search the web for "GPU Device Id")
[2017.04.06-00.52.25:192][  0]LogWindows: EnumDisplayDevices:
[2017.04.06-00.52.25:193][  0]LogWindows:    0. 'NVIDIA GeForce GTX 970' (P:1 D:1)
[2017.04.06-00.52.25:193][  0]LogWindows:    1. 'NVIDIA GeForce GTX 970' (P:0 D:0)
[2017.04.06-00.52.25:194][  0]LogWindows:    2. 'NVIDIA GeForce GTX 970' (P:0 D:0)
[2017.04.06-00.52.25:194][  0]LogWindows:    3. 'NVIDIA GeForce GTX 970' (P:0 D:0)
[2017.04.06-00.52.25:195][  0]LogWindows: DebugString: FoundDriverCount:4 
[2017.04.06-00.52.25:195][  0]LogD3D11RHI:     Adapter Name: NVIDIA GeForce GTX 970
[2017.04.06-00.52.25:195][  0]LogD3D11RHI:   Driver Version: 378.66 (internal:21.21.13.7866, unified:378.66)
[2017.04.06-00.52.25:195][  0]LogD3D11RHI:      Driver Date: 2-9-2017
[2017.04.06-00.52.25:195][  0]LogRHI: Texture pool is 1361 MB (70% of 1945 MB)
[2017.04.06-00.52.25:214][  0]LogD3D11RHI: Async texture creation enabled
[2017.04.06-00.52.25:227][  0]LogD3D11RHI: GPU Timing Frequency: 1000.000000 (Debug: 2 1)
[2017.04.06-00.52.25:296][  0]LogShaderCompilers: Guid format shader working directory is -21 characters bigger than the processId version (../../../../../../Users/Brittany/Documents/Game367-Final/Final_V2 4.15/Intermediate/Shaders/WorkingDirectory/7188/).
[2017.04.06-00.52.25:297][  0]LogShaderCompilers: Cleaned the shader compiler working directory 'C:/Users/Brittany/AppData/Local/Temp/UnrealShaderWorkingDir/EF9017AF4EDF08884EFAE9AA04672A45/'.
[2017.04.06-00.52.25:297][  0]LogShaderCompilers:Display: Using Local Shader Compiler.
[2017.04.06-00.52.28:710][  0]LogTemp:Display: Loaded TP AllDesktopTargetPlatform
[2017.04.06-00.52.28:870][  0]LogTemp:Display: Loaded TP MacClientTargetPlatform
[2017.04.06-00.52.29:019][  0]LogTemp:Display: Loaded TP MacNoEditorTargetPlatform
[2017.04.06-00.52.29:166][  0]LogTemp:Display: Loaded TP MacServerTargetPlatform
[2017.04.06-00.52.29:289][  0]LogTemp:Display: Loaded TP MacTargetPlatform
[2017.04.06-00.52.29:434][  0]LogTemp:Display: Loaded TP WindowsClientTargetPlatform
[2017.04.06-00.52.30:202][  0]LogTemp:Display: Loaded TP WindowsNoEditorTargetPlatform
[2017.04.06-00.52.30:344][  0]LogTemp:Display: Loaded TP WindowsServerTargetPlatform
[2017.04.06-00.52.30:439][  0]LogTemp:Display: Loaded TP WindowsTargetPlatform
[2017.04.06-00.52.30:533][  0]LogTemp:Display: Loaded TP AndroidTargetPlatform
[2017.04.06-00.52.30:643][  0]LogTemp:Display: Loaded TP Android_ASTCTargetPlatform
[2017.04.06-00.52.30:758][  0]LogTemp:Display: Loaded TP Android_ATCTargetPlatform
[2017.04.06-00.52.30:931][  0]LogTemp:Display: Loaded TP Android_DXTTargetPlatform
[2017.04.06-00.52.31:018][  0]LogTemp:Display: Loaded TP Android_ETC1TargetPlatform
[2017.04.06-00.52.31:157][  0]LogTemp:Display: Loaded TP Android_ETC2TargetPlatform
[2017.04.06-00.52.31:384][  0]LogTemp:Display: Loaded TP Android_MultiTargetPlatform
[2017.04.06-00.52.31:384][  0]LogTemp:Display: Loaded TP Android_PVRTCTargetPlatform
[2017.04.06-00.52.31:458][  0]LogTemp:Display: Loaded TP HTML5TargetPlatform
[2017.04.06-00.52.31:844][  0]LogTemp:Display: Loaded TP IOSTargetPlatform
[2017.04.06-00.52.31:990][  0]LogTemp:Display: Loaded TP TVOSTargetPlatform
[2017.04.06-00.52.32:130][  0]LogTemp:Display: Loaded TP LinuxClientTargetPlatform
[2017.04.06-00.52.32:246][  0]LogTemp:Display: Loaded TP LinuxNoEditorTargetPlatform
[2017.04.06-00.52.32:401][  0]LogTemp:Display: Loaded TP LinuxServerTargetPlatform
[2017.04.06-00.52.32:510][  0]LogTemp:Display: Loaded TP LinuxTargetPlatform
[2017.04.06-00.52.32:510][  0]LogTargetPlatformManager:Display: Building Assets For Windows
[2017.04.06-00.52.35:526][  0]LogDerivedDataCache:Display: Max Cache Size: 512 MB
[2017.04.06-00.52.35:526][  0]LogDerivedDataCache:Display: Starting with empty Boot cache
[2017.04.06-00.52.35:526][  0]LogDerivedDataCache: FDerivedDataBackendGraph:  Pak pak cache file ../../../../../../Users/Brittany/Documents/Game367-Final/Final_V2 4.15/DerivedDataCache/DDC.ddp not found, will not use a pak cache.
[2017.04.06-00.52.35:526][  0]LogDerivedDataCache: Unable to find inner node Pak for hierarchical cache Hierarchy.
[2017.04.06-00.52.35:526][  0]LogDerivedDataCache: FDerivedDataBackendGraph:  CompressedPak pak cache file ../../../../../../Users/Brittany/Documents/Game367-Final/Final_V2 4.15/DerivedDataCache/Compressed.ddp not found, will not use a pak cache.
[2017.04.06-00.52.35:526][  0]LogDerivedDataCache: Unable to find inner node CompressedPak for hierarchical cache Hierarchy.
[2017.04.06-00.52.35:604][  0]LogDerivedDataCache:Display: Pak cache opened for reading ../../../Engine/DerivedDataCache/Compressed.ddp.
[2017.04.06-00.52.35:616][  0]LogDerivedDataCache: Using Local data cache path C:/Users/Brittany/AppData/Local/UnrealEngine/Common/DerivedDataCache: Writable
[2017.04.06-00.52.35:646][  0]LogSlate: Using Freetype 2.6.0
[2017.04.06-00.52.35:664][  0]LogSlate: SlateFontCache - WITH_FREETYPE: 1, WITH_HARFBUZZ: 1
[2017.04.06-00.52.35:664][  0]LogSlate: SlateFontCache - WITH_FREETYPE: 1, WITH_HARFBUZZ: 1
[2017.04.06-00.52.40:104][  0]LogInit: Selected Device Profile: [Windows]
[2017.04.06-00.52.40:147][  0]LogContentStreaming: Texture pool size is 0.00 MB
[2017.04.06-00.52.40:829][  0]LogMeshUtilities: Using QuadricMeshReduction for automatic static mesh reduction
[2017.04.06-00.52.41:003][  0]LogSimplygon: Simplygon DLL not present - disabling.
[2017.04.06-00.52.41:144][  0]LogMeshUtilities: Using SimplygonSwarm for distributed automatic mesh merging
[2017.04.06-00.52.41:144][  0]LogMeshUtilities: No automatic skeletal mesh reduction module available
[2017.04.06-00.52.41:144][  0]LogMeshUtilities: No automatic mesh merging module available
[2017.04.06-00.52.46:411][  0]LogNetVersion: GetLocalNetworkVersion: CL: 3299760, ProjectName: final_v2, ProjectVersion: , EngineNetworkVersion: 2, GameNetworkVersion: 0, NetworkChecksum: 72691129
[2017.04.06-00.52.46:585][  0]LogAssetRegistry: FAssetRegistry took 0.0231 seconds to start up
[2017.04.06-00.52.46:646][  0]LogPackageLocalizationCache: Processed 3 localized package path(s) for 2 prioritized culture(s) in 0.020003 seconds
[2017.04.06-00.52.46:650][  0]LogUObjectArray: 32493 objects as part of root set at end of initial load.
[2017.04.06-00.52.46:650][  0]LogUObjectAllocator: 7077024 out of 0 bytes used by permanent object pool.
[2017.04.06-00.52.46:650][  0]LogUObjectArray: CloseDisregardForGC: 0/0 objects in disregard for GC pool
[2017.04.06-00.52.46:796][  0]LogInit: WinSock: version 1.1 (2.2), MaxSocks=32767, MaxUdp=65467
[2017.04.06-00.53.23:173][  0]LogPackageName:Warning: String asset reference "StaticMesh'FX_Meshes_IB.SM_Debris_Box_RadialFull'" is in short form, which is unsupported and -- even if valid -- resolving it will be really slow.
[2017.04.06-00.53.23:173][  0]LogPackageName:Warning: Please consider resaving package in order to speed-up loading.
[2017.04.06-00.53.23:173][  0]LogPackageName: SearchForPackageOnDisk took   0.086s, but failed to resolve StaticMesh'FX_Meshes_IB.
[2017.04.06-00.53.23:173][  0]LogPackageName:Warning: String asset reference "StaticMesh'FX_Meshes_IB.SM_Debris_Box_RadialFull'" could not be resolved.
[2017.04.06-00.53.23:173][  0]LogPackageName:Warning: String asset reference "FX_Meshes.UI.SM_SelectionMesh_01" is in short form, which is unsupported and -- even if valid -- resolving it will be really slow.
[2017.04.06-00.53.23:173][  0]LogPackageName:Warning: Please consider resaving package in order to speed-up loading.
[2017.04.06-00.53.23:173][  0]LogPackageName: SearchForPackageOnDisk took   0.084s, but failed to resolve FX_Meshes.
[2017.04.06-00.53.23:173][  0]LogPackageName:Warning: String asset reference "FX_Meshes.UI.SM_SelectionMesh_01" could not be resolved.
[2017.04.06-00.53.23:173][  0]LogPackageName:Warning: String asset reference "Env_ALL_Artifacts.Mesh.Env_ALL_Terminus001" is in short form, which is unsupported and -- even if valid -- resolving it will be really slow.
[2017.04.06-00.53.23:173][  0]LogPackageName:Warning: Please consider resaving package in order to speed-up loading.
[2017.04.06-00.53.23:173][  0]LogPackageName: SearchForPackageOnDisk took   0.085s, but failed to resolve Env_ALL_Artifacts.
[2017.04.06-00.53.23:173][  0]LogPackageName:Warning: String asset reference "Env_ALL_Artifacts.Mesh.Env_ALL_Terminus001" could not be resolved.
[2017.04.06-00.53.24:247][  0]LogTcpMessaging: Initializing TcpMessaging bridge
[2017.04.06-00.53.24:387][  0]LogUdpMessaging: Initializing bridge on interface 0.0.0.0:0 to multicast group 230.0.0.1:6666.
[2017.04.06-00.53.27:450][  0]LogMaterial: Uniform references updated for custom material expression Custom.
[2017.04.06-00.53.29:015][  0]SourceControl: Info Source control is disabled
[2017.04.06-00.53.29:053][  0]SourceControl: Info Source control is disabled
[2017.04.06-00.53.29:259][  0]SourceControl: Info Source control is disabled
[2017.04.06-00.53.29:554][  0]SourceControl: Info Source control is disabled
[2017.04.06-00.53.34:924][  0]LogEngine: Initializing Engine...
[2017.04.06-00.53.34:924][  0]LogHMD: Failed to initialize OpenVR with code 110
[2017.04.06-00.53.35:593][  0]LogAIModule: Creating AISystem for world Untitled
[2017.04.06-00.53.35:615][  0]LogInit: XAudio2 using 'Speakers (Realtek High Definition Audio)' : 2 channels at 48 kHz using 32 bits per sample (channel mask 0x3)
[2017.04.06-00.53.35:644][  0]LogInit: FAudioDevice initialized.
[2017.04.06-00.53.35:658][  0]LogDerivedDataCache: Saved boot cache 0.01s 50MB C:/Users/Brittany/AppData/Local/UnrealEngine/4.15/DerivedDataCache/Boot.ddc.
[2017.04.06-00.53.35:663][  0]LogInit: Texture streaming: Enabled
[2017.04.06-00.53.36:215][  0]LogEngineSessionManager: EngineSessionManager initialized
[2017.04.06-00.53.36:656][  0]LogInit: Transaction tracking system initialized
[2017.04.06-00.53.38:543][  0]BlueprintLog: New page: Editor Load
[2017.04.06-00.53.42:031][  0]LocalizationService: Info Localization service is disabled
[2017.04.06-00.53.45:905][  0]LogConsoleResponse:Display: 
[2017.04.06-00.53.49:065][  0]LogCook:Display: Max memory allowance for cook 16384mb min free memory 0mb
[2017.04.06-00.53.49:065][  0]LogCook:Display: Mobile HDR setting 1
[2017.04.06-00.53.49:365][  0]LogFileCache: Scanning file cache for directory 'C:/Users/Brittany/Documents/Game367-Final/Final_V2 4.15/Content/' took 0.06s
[2017.04.06-00.53.54:047][  0]SourceControl: Info Source control is disabled
[2017.04.06-00.53.54:047][  0]Cmd: MAP LOAD FILE="../../../../../../Users/Brittany/Documents/Game367-Final/Final_V2 4.15/Content/FirstPersonBP/Maps/FirstPersonExampleMap.umap" TEMPLATE=0 SHOWPROGRESS=1 FEATURELEVEL=3
[2017.04.06-00.53.54:047][  0]LightingResults: New page: Lighting Build
[2017.04.06-00.53.54:104][  0]MapCheck: New page: Map Check
[2017.04.06-00.53.54:104][  0]LightingResults: New page: Lighting Build
[2017.04.06-00.53.55:279][  0]LogStaticMesh: Building static mesh prop_tv_a...
[2017.04.06-00.53.55:289][  0]LogStaticMesh: Built static mesh [0.01s] /Game/Environment/Props/Habitation/prop_tv_a.prop_tv_a
[2017.04.06-00.53.55:407][  0]LogMaterial: Missing cached shader map for material Master_Props_A, compiling. 
[2017.04.06-00.53.55:408][  0]LogTemp:Display: Added material ShaderMap 0x00000216B50F6B00 with Material 0x00000216A9D97D00 to ShaderMapsBeingCompiled
[2017.04.06-00.53.55:436][  0]LogTemp:Display: Kicking off shader compilation for Master_Props_A, GameThreadShaderMap 0x00000216B50F6B00
[2017.04.06-00.53.55:437][  0]LogMaterial: Missing cached shader map for material Master_Props_A, compiling. 
[2017.04.06-00.53.55:438][  0]LogTemp:Display: Added material ShaderMap 0x00000216AF765280 with Material 0x00000216B5111780 to ShaderMapsBeingCompiled
[2017.04.06-00.53.55:451][  0]LogTemp:Display: Kicking off shader compilation for Master_Props_A, GameThreadShaderMap 0x00000216AF765280
[2017.04.06-00.53.55:586][  0]LogAIModule: Creating AISystem for world FirstPersonExampleMap
[2017.04.06-00.53.55:617][  0]LogEditorServer: Finished looking for orphan Actors (0.000 secs)
[2017.04.06-00.53.55:617][  0]Cmd: MAP CHECKDEP NOCLEARLOG
[2017.04.06-00.53.55:669][  0]MapCheck: Info Map check complete: 0 Error(s), 0 Warning(s), took 51.794ms to complete.
[2017.04.06-00.53.55:669][  0]LogFileHelpers: Loading map 'FirstPersonExampleMap' took 1.622
[2017.04.06-00.53.56:004][  0]LogCollectionManager: Loaded 0 collections in 0.001446 seconds
[2017.04.06-00.53.56:102][  0]LogFileCache: Scanning file cache for directory 'C:/Users/Brittany/Documents/Game367-Final/Final_V2 4.15/Saved/Collections/' took 0.01s
[2017.04.06-00.53.56:102][  0]LogFileCache: Scanning file cache for directory 'C:/Users/Brittany/Documents/Game367-Final/Final_V2 4.15/Content/Developers/Brittany/Collections/' took 0.01s
[2017.04.06-00.53.56:102][  0]LogFileCache: Scanning file cache for directory 'C:/Users/Brittany/Documents/Game367-Final/Final_V2 4.15/Content/Collections/' took 0.01s
[2017.04.06-00.53.56:102][  0]LogCollectionManager: Rebuilt the GUID cache for 0 collections in 0.000003 seconds
[2017.04.06-00.53.56:112][  0]LogContentBrowser: Native class hierarchy populated in 0.0100 seconds. Added 2245 classes and 453 folders.
[2017.04.06-00.53.56:116][  0]LogStats: UGameplayTagsManager::ConstructGameplayTagTree: Construct from data asset -  0.000 s
[2017.04.06-00.53.56:116][  0]LogStats: UGameplayTagsManager::ConstructGameplayTagTree: GameplayTagTreeChangedEvent.Broadcast -  0.000 s
[2017.04.06-00.53.56:201][  0]LogContentBrowser: Native class hierarchy updated for 'WidgetCarousel' in 0.0006 seconds. Added 0 classes and 0 folders.
[2017.04.06-00.53.57:398][  0]LogContentBrowser: Native class hierarchy updated for 'AddContentDialog' in 0.0005 seconds. Added 0 classes and 0 folders.
[2017.04.06-00.53.57:554][  0]LogContentBrowser: Native class hierarchy updated for 'SceneOutliner' in 0.0004 seconds. Added 1 classes and 2 folders.
[2017.04.06-00.53.57:693][  0]LogCrashTracker: Crashtracker disabled due to settings.
[2017.04.06-00.53.57:954][  0]LogContentBrowser: Native class hierarchy updated for 'HierarchicalLODOutliner' in 0.0004 seconds. Added 1 classes and 2 folders.
[2017.04.06-00.53.57:954][  0]LogLoad: (Engine Initialization) Total time: 104.72 seconds
[2017.04.06-00.53.57:954][  0]LogLoad: (Engine Initialization) Total Blueprint compile time: 0.25 seconds
[2017.04.06-00.53.57:954][  0]LogExternalProfiler: Found external profiler: VSPerf
[2017.04.06-00.53.57:954][  0]LogExternalProfiler: Using external profiler: VSPerf
[2017.04.06-00.53.58:294][  0]LogOcInput: OculusInput pre-init called
[2017.04.06-00.53.58:323][  0]LogContentStreaming: Texture pool size now 1000 MB
[2017.04.06-00.53.58:333][  0]LogTemp:Display: Finished compile of shader map 0x00000216B50F6B00
[2017.04.06-00.53.58:333][  0]LogTemp:Display: Shader map Master_Props_A complete, GameThreadShaderMap 0x00000216B50F6B00, marking material Master_Props_A as finished
[2017.04.06-00.53.58:333][  0]LogTemp:Display: Marking material as finished 0x00000216A9D97D00
[2017.04.06-00.53.58:357][  0]LogSlate: Took 0.018469 seconds to synchronously load lazily loaded font '../../../Engine/Content/Slate/Fonts/Roboto-Regular.ttf' (155K)
[2017.04.06-00.53.58:371][  0]LogSlate: Took 0.010902 seconds to synchronously load lazily loaded font '../../../Engine/Content/Slate/Fonts/Roboto-Bold.ttf' (160K)
[2017.04.06-00.53.58:391][  0]LogSlate: Took 0.012264 seconds to synchronously load lazily loaded font '../../../Engine/Content/Editor/Slate/Fonts/FontAwesome.ttf' (139K)
[2017.04.06-00.53.58:531][  0]LogSlate: Took 0.018846 seconds to synchronously load lazily loaded font '../../../Engine/Content/Slate/Fonts/Roboto-Light.ttf' (159K)
[2017.04.06-00.53.58:560][  0]LogRenderer: Reallocating scene render targets to support 1208x576 NumSamples 1 (Frame:2).
[2017.04.06-00.53.58:650][  1]LogTemp:Display: Finished compile of shader map 0x00000216AF765280
[2017.04.06-00.53.58:650][  1]LogTemp:Display: Shader map Master_Props_A complete, GameThreadShaderMap 0x00000216AF765280, marking material Master_Props_A as finished
[2017.04.06-00.53.58:650][  1]LogTemp:Display: Marking material as finished 0x00000216B5111780
[2017.04.06-00.53.59:014][  2]LogAssetRegistry: Asset discovery search completed in 72.4512 seconds
[2017.04.06-00.53.59:014][  2]LogCollectionManager: Rebuilt the object cache for 0 collections in 0.000033 seconds (found 0 objects)
[2017.04.06-00.53.59:014][  2]LogCollectionManager: Fixed up redirectors for 0 collections in 0.000095 seconds (updated 0 objects)
[2017.04.06-00.54.05:072][ 21]LogSynthBenchmark:Display: FSynthBenchmark (V0.95):  requested WorkScale=5.00
[2017.04.06-00.54.05:072][ 21]LogSynthBenchmark:Display: ===============
[2017.04.06-00.54.05:072][ 21]LogSynthBenchmark:Display: Main Processor:
[2017.04.06-00.54.05:385][ 21]LogSynthBenchmark:Display:          ... 0.044961 s/Run 'RayIntersect'
[2017.04.06-00.54.05:385][ 21]LogSynthBenchmark:Display:          ... 0.017501 s/Run 'Fractal'
[2017.04.06-00.54.05:385][ 21]LogSynthBenchmark:Display: 
[2017.04.06-00.54.05:385][ 21]LogSynthBenchmark:Display:   CompiledTarget_x_Bits: 64
[2017.04.06-00.54.05:385][ 21]LogSynthBenchmark:Display:   UE_BUILD_SHIPPING: 0
[2017.04.06-00.54.05:385][ 21]LogSynthBenchmark:Display:   UE_BUILD_TEST: 0
[2017.04.06-00.54.05:385][ 21]LogSynthBenchmark:Display:   UE_BUILD_DEBUG: 0
[2017.04.06-00.54.05:385][ 21]LogSynthBenchmark:Display:   TotalPhysicalGBRam: 32
[2017.04.06-00.54.05:385][ 21]LogSynthBenchmark:Display:   NumberOfCores (physical): 4
[2017.04.06-00.54.05:385][ 21]LogSynthBenchmark:Display:   NumberOfCores (logical): 8
[2017.04.06-00.54.05:385][ 21]LogSynthBenchmark:Display:   CPU Perf Index 0: 57.0 (weight 1.00)
[2017.04.06-00.54.05:385][ 21]LogSynthBenchmark:Display:   CPU Perf Index 1: 163.4 (weight 1.50)
[2017.04.06-00.54.05:385][ 21]LogSynthBenchmark:Display:  
[2017.04.06-00.54.05:385][ 21]LogSynthBenchmark:Display: Graphics:
[2017.04.06-00.54.05:385][ 21]LogSynthBenchmark:Display:   Adapter Name: 'NVIDIA GeForce GTX 970'
[2017.04.06-00.54.05:385][ 21]LogSynthBenchmark:Display:   (On Optimus the name might be wrong, memory should be ok)
[2017.04.06-00.54.05:385][ 21]LogSynthBenchmark:Display:   Vendor Id: 0x10DE
[2017.04.06-00.54.05:385][ 21]LogSynthBenchmark:Display:   Device Id: 0x13C2
[2017.04.06-00.54.05:385][ 21]LogSynthBenchmark:Display:   Device Revision: 0xA1
[2017.04.06-00.54.05:385][ 21]LogSynthBenchmark:Display:   GPU Memory: 4060/0/16354 MB
[2017.04.06-00.54.05:424][ 21]LogSynthBenchmark:Display:   GPU first test: 0.00s
[2017.04.06-00.54.05:424][ 21]LogSynthBenchmark:Display:          ... 4.455 s/GigaPix, Confidence=89% 'ALUHeavyNoise' (likely to be very inaccurate)
[2017.04.06-00.54.05:424][ 21]LogSynthBenchmark:Display:          ... 3.423 s/GigaPix, Confidence=100% 'TexHeavy' (likely to be very inaccurate)
[2017.04.06-00.54.05:424][ 21]LogSynthBenchmark:Display:          ... 2.654 s/GigaPix, Confidence=100% 'DepTexHeavy' (likely to be very inaccurate)
[2017.04.06-00.54.05:424][ 21]LogSynthBenchmark:Display:          ... 7.036 s/GigaPix, Confidence=100% 'FillOnly' (likely to be very inaccurate)
[2017.04.06-00.54.05:424][ 21]LogSynthBenchmark:Display:          ... 0.579 s/GigaPix, Confidence=100% 'Bandwidth' (likely to be very inaccurate)
[2017.04.06-00.54.05:424][ 21]LogSynthBenchmark:Display:          ... 31.527 s/GigaVert, Confidence=100% 'VertThroughPut1' (likely to be very inaccurate)
[2017.04.06-00.54.05:424][ 21]LogSynthBenchmark:Display:          ... 31.527 s/GigaVert, Confidence=100% 'VertThroughPut2' (likely to be very inaccurate)
[2017.04.06-00.54.05:480][ 21]LogSynthBenchmark:Display:   GPU second test: 0.02s
[2017.04.06-00.54.05:480][ 21]LogSynthBenchmark:Display:          ... 7.466 s/GigaPix, Confidence=100% 'ALUHeavyNoise' (likely to be inaccurate)
[2017.04.06-00.54.05:480][ 21]LogSynthBenchmark:Display:          ... 6.444 s/GigaPix, Confidence=100% 'TexHeavy' (likely to be inaccurate)
[2017.04.06-00.54.05:480][ 21]LogSynthBenchmark:Display:          ... 5.491 s/GigaPix, Confidence=100% 'DepTexHeavy' (likely to be inaccurate)
[2017.04.06-00.54.05:480][ 21]LogSynthBenchmark:Display:          ... 26.481 s/GigaPix, Confidence=89% 'FillOnly' (likely to be inaccurate)
[2017.04.06-00.54.05:480][ 21]LogSynthBenchmark:Display:          ... 0.736 s/GigaPix, Confidence=100% 'Bandwidth' (likely to be inaccurate)
[2017.04.06-00.54.05:480][ 21]LogSynthBenchmark:Display:          ... 3.643 s/GigaVert, Confidence=89% 'VertThroughPut1' (likely to be inaccurate)
[2017.04.06-00.54.05:480][ 21]LogSynthBenchmark:Display:          ... 4.533 s/GigaVert, Confidence=100% 'VertThroughPut2' (likely to be inaccurate)
[2017.04.06-00.54.06:685][ 21]LogSynthBenchmark:Display:   GPU third test: 1.18s
[2017.04.06-00.54.06:685][ 21]LogSynthBenchmark:Display:          ... 11.249 s/GigaPix, Confidence=100% 'ALUHeavyNoise'
[2017.04.06-00.54.06:685][ 21]LogSynthBenchmark:Display:          ... 8.938 s/GigaPix, Confidence=100% 'TexHeavy'
[2017.04.06-00.54.06:685][ 21]LogSynthBenchmark:Display:          ... 8.200 s/GigaPix, Confidence=89% 'DepTexHeavy'
[2017.04.06-00.54.06:685][ 21]LogSynthBenchmark:Display:          ... 45.911 s/GigaPix, Confidence=89% 'FillOnly'
[2017.04.06-00.54.06:685][ 21]LogSynthBenchmark:Display:          ... 0.903 s/GigaPix, Confidence=100% 'Bandwidth'
[2017.04.06-00.54.06:685][ 21]LogSynthBenchmark:Display:          ... 2.441 s/GigaVert, Confidence=100% 'VertThroughPut1'
[2017.04.06-00.54.06:685][ 21]LogSynthBenchmark:Display:          ... 5.056 s/GigaVert, Confidence=100% 'VertThroughPut2'
[2017.04.06-00.54.06:685][ 21]LogSynthBenchmark:Display:   GPU Final Results:
[2017.04.06-00.54.06:685][ 21]LogSynthBenchmark:Display:          ... 11.249 s/GigaPix, Confidence=100% 'ALUHeavyNoise'
[2017.04.06-00.54.06:685][ 21]LogSynthBenchmark:Display:          ... 8.938 s/GigaPix, Confidence=100% 'TexHeavy'
[2017.04.06-00.54.06:685][ 21]LogSynthBenchmark:Display:          ... 8.200 s/GigaPix, Confidence=89% 'DepTexHeavy'
[2017.04.06-00.54.06:685][ 21]LogSynthBenchmark:Display:          ... 45.911 s/GigaPix, Confidence=89% 'FillOnly'
[2017.04.06-00.54.06:685][ 21]LogSynthBenchmark:Display:          ... 0.903 s/GigaPix, Confidence=100% 'Bandwidth'
[2017.04.06-00.54.06:685][ 21]LogSynthBenchmark:Display:          ... 2.441 s/GigaVert, Confidence=100% 'VertThroughPut1'
[2017.04.06-00.54.06:685][ 21]LogSynthBenchmark:Display:          ... 5.056 s/GigaVert, Confidence=100% 'VertThroughPut2'
[2017.04.06-00.54.06:685][ 21]LogSynthBenchmark:Display: 
[2017.04.06-00.54.06:685][ 21]LogSynthBenchmark:Display:   GPU Perf Index 0: 244.5 (weight 1.00)
[2017.04.06-00.54.06:685][ 21]LogSynthBenchmark:Display:   GPU Perf Index 1: 120.0 (weight 0.10)
[2017.04.06-00.54.06:685][ 21]LogSynthBenchmark:Display:   GPU Perf Index 2: 213.2 (weight 0.10)
[2017.04.06-00.54.06:685][ 21]LogSynthBenchmark:Display:   GPU Perf Index 3: 180.3 (weight 3.00)
[2017.04.06-00.54.06:685][ 21]LogSynthBenchmark:Display:   GPU Perf Index 4: 84.2 (weight 1.00)
[2017.04.06-00.54.06:685][ 21]LogSynthBenchmark:Display:   GPU Perf Index 5: 158.8 (weight 0.00)
[2017.04.06-00.54.06:685][ 21]LogSynthBenchmark:Display:   GPU Perf Index 6: 286.1 (weight 0.00)
[2017.04.06-00.54.06:685][ 21]LogSynthBenchmark:Display:   CPUIndex: 120.8
[2017.04.06-00.54.06:685][ 21]LogSynthBenchmark:Display:   GPUIndex: 173.6
[2017.04.06-00.54.06:685][ 21]LogSynthBenchmark:Display: 
[2017.04.06-00.54.06:685][ 21]LogSynthBenchmark:Display:          ... Total Time: 1.612922 sec
[2017.04.06-00.55.19:851][770]LogMaterial: Missing cached shader map for material Master_Tiling_A, compiling. 
[2017.04.06-00.55.19:853][770]LogTemp:Display: Added material ShaderMap 0x00000216DFEC8B80 with Material 0x00000216E3802680 to ShaderMapsBeingCompiled
[2017.04.06-00.55.19:892][770]LogTemp:Display: Kicking off shader compilation for Master_Tiling_A, GameThreadShaderMap 0x00000216DFEC8B80
[2017.04.06-00.55.19:894][770]LogMaterial: Missing cached shader map for material Master_Tiling_A, compiling. 
[2017.04.06-00.55.19:894][770]LogTemp:Display: Added material ShaderMap 0x00000216AF6A5D00 with Material 0x00000216E388BA00 to ShaderMapsBeingCompiled
[2017.04.06-00.55.19:914][770]LogTemp:Display: Kicking off shader compilation for Master_Tiling_A, GameThreadShaderMap 0x00000216AF6A5D00
[2017.04.06-00.55.19:917][770]LogMaterial: Missing cached shader map for material Master_Tiling_A, compiling. 
[2017.04.06-00.55.19:918][770]LogTemp:Display: Added material ShaderMap 0x00000216EBF17200 with Material 0x00000216EBF13E80 to ShaderMapsBeingCompiled
[2017.04.06-00.55.19:945][770]LogTemp:Display: Kicking off shader compilation for Master_Tiling_A, GameThreadShaderMap 0x00000216EBF17200
[2017.04.06-00.55.19:946][770]LogTemp:Display: Added shader map 0x00000216EBF17200 from material 0x00000216EBF12800
[2017.04.06-00.55.19:946][770]LogTemp:Display: Found existing compiling shader for material Master_Tiling_A, linking to other GameThreadShaderMap 0x00000216EBF17200
[2017.04.06-00.55.19:949][770]LogMaterial: Missing cached shader map for material Master_Tiling_A, compiling. 
[2017.04.06-00.55.19:950][770]LogTemp:Display: Added material ShaderMap 0x00000216ED368480 with Material 0x00000216EBF11600 to ShaderMapsBeingCompiled
[2017.04.06-00.55.19:966][770]LogTemp:Display: Kicking off shader compilation for Master_Tiling_A, GameThreadShaderMap 0x00000216ED368480
[2017.04.06-00.55.19:969][770]LogStaticMesh: Building static mesh wall_bunk_passage_a...
[2017.04.06-00.55.19:973][770]LogSlate: Took 0.000135 seconds to synchronously load lazily loaded font '../../../Engine/Content/Slate/Fonts/Roboto-Light.ttf' (159K)
[2017.04.06-00.55.20:024][770]LogStaticMesh: Built static mesh [0.06s] /Game/Environment/Archetypes/Bunk_A/wall_bunk_passage_a.wall_bunk_passage_a
[2017.04.06-00.55.20:667][770]LogActorFactory: Actor Factory created wall_bunk_passage_a
[2017.04.06-00.55.22:054][910]LogActorFactory: Actor Factory created wall_bunk_passage_a
[2017.04.06-00.55.22:135][910]LogTemp:Display: Finished compile of shader map 0x00000216DFEC8B80
[2017.04.06-00.55.22:135][910]LogTemp:Display: Shader map Master_Tiling_A complete, GameThreadShaderMap 0x00000216DFEC8B80, marking material Master_Tiling_A as finished
[2017.04.06-00.55.22:135][910]LogTemp:Display: Marking material as finished 0x00000216E3802680
[2017.04.06-00.55.23:336][ 15]LogTemp:Display: Finished compile of shader map 0x00000216AF6A5D00
[2017.04.06-00.55.23:336][ 15]LogTemp:Display: Shader map Master_Tiling_A complete, GameThreadShaderMap 0x00000216AF6A5D00, marking material Master_Tiling_A as finished
[2017.04.06-00.55.23:336][ 15]LogTemp:Display: Marking material as finished 0x00000216E388BA00
[2017.04.06-00.55.24:219][ 98]LogTemp:Display: Finished compile of shader map 0x00000216EBF17200
[2017.04.06-00.55.24:219][ 98]LogTemp:Display: Shader map Master_Tiling_A complete, GameThreadShaderMap 0x00000216EBF17200, marking material Master_Tiling_A as finished
[2017.04.06-00.55.24:219][ 98]LogTemp:Display: Marking material as finished 0x00000216EBF13E80
[2017.04.06-00.55.24:220][ 98]LogTemp:Display: Shader map Master_Tiling_A complete, GameThreadShaderMap 0x00000216EBF17200, marking material Master_Tiling_A as finished
[2017.04.06-00.55.24:220][ 98]LogTemp:Display: Marking material as finished 0x00000216EBF12800
[2017.04.06-00.55.24:944][177]LogTemp:Display: Finished compile of shader map 0x00000216ED368480
[2017.04.06-00.55.24:944][177]LogTemp:Display: Shader map Master_Tiling_A complete, GameThreadShaderMap 0x00000216ED368480, marking material Master_Tiling_A as finished
[2017.04.06-00.55.24:944][177]LogTemp:Display: Marking material as finished 0x00000216EBF11600
[2017.04.06-00.55.25:241][212]Cmd: TRANSACTION UNDO
[2017.04.06-00.55.25:241][212]LogEditorTransaction: Undo Create Actors
[2017.04.06-00.55.25:250][212]LogSlate: Took 0.000118 seconds to synchronously load lazily loaded font '../../../Engine/Content/Slate/Fonts/Roboto-Light.ttf' (159K)
[2017.04.06-01.04.00:157][957]LogSlate: Took 0.014021 seconds to synchronously load lazily loaded font '../../../Engine/Content/Slate/Fonts/Roboto-Regular.ttf' (155K)
[2017.04.06-01.04.00:613][957]LogSavePackage: Save=1510.84ms
[2017.04.06-01.04.00:613][957]LogSavePackage: Moving '../../../../../../Users/Brittany/Documents/Game367-Final/Final_V2 4.15/Saved/FirstPersonExampleMap_Auto1D57682014A7B7FD3B6CA5EBB0CA05DC9.tmp' to '../../../../../../Users/Brittany/Documents/Game367-Final/Final_V2 4.15/Saved/Autosaves/Game/FirstPersonBP/Maps/FirstPersonExampleMap_Auto1.umap'
[2017.04.06-01.04.00:645][957]LogSavePackage:Display: Finished SavePackage ../../../../../../Users/Brittany/Documents/Game367-Final/Final_V2 4.15/Saved/Autosaves/Game/FirstPersonBP/Maps/FirstPersonExampleMap_Auto1.umap
[2017.04.06-01.04.00:655][957]LogFileHelpers: Editor autosave (incl. sublevels) for '/Game/FirstPersonBP/Maps/FirstPersonExampleMap' took 1.933
[2017.04.06-01.04.00:655][957]LogFileHelpers: Editor autosave (incl. sublevels) for all levels took 1.933
